<?xml version="1.0" encoding="UTF-8"?>
<!-- Generated by org.testng.reporters.JUnitXMLReporter -->
<testsuite ignored="0" hostname="DESKTOP-JGQIC04" failures="1" tests="5" name="Test" time="0.137" errors="0" timestamp="2023-09-14T14:48:12 IST">
  <testcase classname="mavenpack.Testclass" name="class1" time="0.019"/>
  <testcase classname="mavenpack.Testclass" name="class2" time="0.007"/>
  <testcase classname="mavenpack.Assertclass" name="in" time="0.004"/>
  <testcase classname="mavenpack.Assertclass" name="pak" time="0.001"/>
  <testcase classname="mavenpack.Assertclass" name="sl" time="0.01">
    <failure type="java.lang.AssertionError" message="expected [sreelanka] but found [srilanka]">
      <![CDATA[java.lang.AssertionError: expected [sreelanka] but found [srilanka]
at mavenpack.Assertclass.sl(Assertclass.java:25)
at java.base/java.util.ArrayList.forEach(ArrayList.java:1511)
... Removed 31 stack frames]]>
    </failure>
  </testcase> <!-- sl -->
</testsuite> <!-- Test -->
